0 info it worked if it ends with ok
1 verbose cli [ 'C:\\Program Files\\nodejs\\node.exe',
1 verbose cli   'C:\\Program Files\\nodejs\\node_modules\\npm\\bin\\npm-cli.js',
1 verbose cli   'install',
1 verbose cli   'bcrypt' ]
2 info using npm@2.14.4
3 info using node@v4.1.1
4 verbose install initial load of C:\AAA Education\TreeHouse\JavaScript - NPM\npm course\package.json
5 verbose readDependencies loading dependencies from C:\AAA Education\TreeHouse\JavaScript - NPM\npm course\package.json
6 silly cache add args [ 'bcrypt', null ]
7 verbose cache add spec bcrypt
8 silly cache add parsed spec Result {
8 silly cache add   raw: 'bcrypt',
8 silly cache add   scope: null,
8 silly cache add   name: 'bcrypt',
8 silly cache add   rawSpec: '',
8 silly cache add   spec: '*',
8 silly cache add   type: 'range' }
9 silly addNamed bcrypt@*
10 verbose addNamed "*" is a valid semver range for bcrypt
11 silly addNameRange { name: 'bcrypt', range: '*', hasData: false }
12 silly mapToRegistry name bcrypt
13 silly mapToRegistry using default registry
14 silly mapToRegistry registry https://registry.npmjs.org/
15 silly mapToRegistry uri https://registry.npmjs.org/bcrypt
16 verbose addNameRange registry:https://registry.npmjs.org/bcrypt not in flight; fetching
17 verbose request uri https://registry.npmjs.org/bcrypt
18 verbose request no auth needed
19 info attempt registry request try #1 at 12:16:06 PM
20 verbose request id 1d0b24db2ab5186f
21 verbose etag "AOZDTL0PHYHSXTKBUOOSUBLRP"
22 http request GET https://registry.npmjs.org/bcrypt
23 http 304 https://registry.npmjs.org/bcrypt
24 silly get cb [ 304,
24 silly get   { date: 'Thu, 01 Oct 2015 19:16:05 GMT',
24 silly get     via: '1.1 varnish',
24 silly get     'cache-control': 'max-age=60',
24 silly get     etag: '"AOZDTL0PHYHSXTKBUOOSUBLRP"',
24 silly get     age: '0',
24 silly get     connection: 'keep-alive',
24 silly get     'x-served-by': 'cache-lax1424-LAX',
24 silly get     'x-cache': 'HIT',
24 silly get     'x-cache-hits': '1',
24 silly get     'x-timer': 'S1443726965.957553,VS0,VE48',
24 silly get     vary: 'Accept' } ]
25 verbose etag https://registry.npmjs.org/bcrypt from cache
26 verbose get saving bcrypt to C:\Users\Daniel\AppData\Roaming\npm-cache\registry.npmjs.org\bcrypt\.cache.json
27 silly addNameRange number 2 { name: 'bcrypt', range: '*', hasData: true }
28 silly addNameRange versions [ 'bcrypt',
28 silly addNameRange   [ '0.1.2',
28 silly addNameRange     '0.2.0',
28 silly addNameRange     '0.2.1',
28 silly addNameRange     '0.1.3',
28 silly addNameRange     '0.2.2',
28 silly addNameRange     '0.2.3',
28 silly addNameRange     '0.2.4',
28 silly addNameRange     '0.3.0',
28 silly addNameRange     '0.3.1',
28 silly addNameRange     '0.3.2',
28 silly addNameRange     '0.4.0',
28 silly addNameRange     '0.4.1',
28 silly addNameRange     '0.5.0',
28 silly addNameRange     '0.6.0',
28 silly addNameRange     '0.7.0',
28 silly addNameRange     '0.7.1',
28 silly addNameRange     '0.7.2',
28 silly addNameRange     '0.7.3',
28 silly addNameRange     '0.7.4',
28 silly addNameRange     '0.7.5',
28 silly addNameRange     '0.7.6',
28 silly addNameRange     '0.7.7',
28 silly addNameRange     '0.7.8',
28 silly addNameRange     '0.8.0',
28 silly addNameRange     '0.8.1',
28 silly addNameRange     '0.8.2',
28 silly addNameRange     '0.8.3',
28 silly addNameRange     '0.8.4',
28 silly addNameRange     '0.8.5' ] ]
29 silly addNamed bcrypt@0.8.5
30 verbose addNamed "0.8.5" is a plain semver version for bcrypt
31 silly cache afterAdd bcrypt@0.8.5
32 verbose afterAdd C:\Users\Daniel\AppData\Roaming\npm-cache\bcrypt\0.8.5\package\package.json not in flight; writing
33 verbose afterAdd C:\Users\Daniel\AppData\Roaming\npm-cache\bcrypt\0.8.5\package\package.json written
34 silly install resolved [ { name: 'bcrypt',
34 silly install resolved     description: 'A bcrypt library for NodeJS.',
34 silly install resolved     keywords:
34 silly install resolved      [ 'bcrypt',
34 silly install resolved        'password',
34 silly install resolved        'auth',
34 silly install resolved        'authentication',
34 silly install resolved        'encryption',
34 silly install resolved        'crypt',
34 silly install resolved        'crypto' ],
34 silly install resolved     main: './bcrypt',
34 silly install resolved     version: '0.8.5',
34 silly install resolved     author: { name: 'Nick Campbell', url: 'https://github.com/ncb000gt' },
34 silly install resolved     engines: { node: '>= 0.6.0' },
34 silly install resolved     repository:
34 silly install resolved      { type: 'git',
34 silly install resolved        url: 'git+https://github.com/ncb000gt/node.bcrypt.js.git' },
34 silly install resolved     license: 'MIT',
34 silly install resolved     bugs: { url: 'https://github.com/ncb000gt/node.bcrypt.js/issues' },
34 silly install resolved     scripts:
34 silly install resolved      { test: 'node-gyp configure build && nodeunit test',
34 silly install resolved        install: 'node-gyp rebuild' },
34 silly install resolved     dependencies: { bindings: '1.2.1', nan: '2.0.5' },
34 silly install resolved     devDependencies: { nodeunit: '~0.9.1' },
34 silly install resolved     contributors:
34 silly install resolved      [ [Object],
34 silly install resolved        [Object],
34 silly install resolved        [Object],
34 silly install resolved        [Object],
34 silly install resolved        [Object],
34 silly install resolved        [Object],
34 silly install resolved        [Object],
34 silly install resolved        [Object],
34 silly install resolved        [Object],
34 silly install resolved        [Object],
34 silly install resolved        [Object],
34 silly install resolved        [Object],
34 silly install resolved        [Object],
34 silly install resolved        [Object] ],
34 silly install resolved     gypfile: true,
34 silly install resolved     gitHead: '5d97708f06754d7d7989c67ba867002d10013615',
34 silly install resolved     homepage: 'https://github.com/ncb000gt/node.bcrypt.js#readme',
34 silly install resolved     _id: 'bcrypt@0.8.5',
34 silly install resolved     _shasum: '8e5b81b4db80e944f440005979ca8d58a961861d',
34 silly install resolved     _from: 'bcrypt@*',
34 silly install resolved     _npmVersion: '2.13.3',
34 silly install resolved     _nodeVersion: '3.0.0',
34 silly install resolved     _npmUser: { name: 'defunctzombie', email: 'shtylman@gmail.com' },
34 silly install resolved     dist:
34 silly install resolved      { shasum: '8e5b81b4db80e944f440005979ca8d58a961861d',
34 silly install resolved        tarball: 'http://registry.npmjs.org/bcrypt/-/bcrypt-0.8.5.tgz' },
34 silly install resolved     maintainers: [ [Object], [Object], [Object], [Object] ],
34 silly install resolved     directories: {},
34 silly install resolved     _resolved: 'https://registry.npmjs.org/bcrypt/-/bcrypt-0.8.5.tgz',
34 silly install resolved     readme: 'ERROR: No README data found!' } ]
35 info install bcrypt@0.8.5 into C:\AAA Education\TreeHouse\JavaScript - NPM\npm course
36 info installOne bcrypt@0.8.5
37 verbose installOne of bcrypt to C:\AAA Education\TreeHouse\JavaScript - NPM\npm course not in flight; installing
38 verbose lock using C:\Users\Daniel\AppData\Roaming\npm-cache\_locks\bcrypt-8005f176fdb24852.lock for C:\AAA Education\TreeHouse\JavaScript - NPM\npm course\node_modules\bcrypt
39 silly install write writing bcrypt 0.8.5 to C:\AAA Education\TreeHouse\JavaScript - NPM\npm course\node_modules\bcrypt
40 verbose unbuild node_modules\bcrypt
41 silly gentlyRm C:\AAA Education\TreeHouse\JavaScript - NPM\npm course\node_modules\bcrypt is being purged from base C:\AAA Education\TreeHouse\JavaScript - NPM\npm course
42 verbose gentlyRm don't care about contents; nuking C:\AAA Education\TreeHouse\JavaScript - NPM\npm course\node_modules\bcrypt
43 verbose tar unpack C:\Users\Daniel\AppData\Roaming\npm-cache\bcrypt\0.8.5\package.tgz
44 verbose tar unpacking to C:\AAA Education\TreeHouse\JavaScript - NPM\npm course\node_modules\bcrypt
45 silly gentlyRm C:\AAA Education\TreeHouse\JavaScript - NPM\npm course\node_modules\bcrypt is being purged
46 verbose gentlyRm don't care about contents; nuking C:\AAA Education\TreeHouse\JavaScript - NPM\npm course\node_modules\bcrypt
47 silly gunzTarPerm modes [ '777', '666' ]
48 silly gunzTarPerm extractEntry package.json
49 silly gunzTarPerm modified mode [ 'package.json', 420, 438 ]
50 silly gunzTarPerm extractEntry .npmignore
51 silly gunzTarPerm modified mode [ '.npmignore', 420, 438 ]
52 silly gunzTarPerm extractEntry README.md
53 silly gunzTarPerm modified mode [ 'README.md', 420, 438 ]
54 silly gunzTarPerm extractEntry LICENSE
55 silly gunzTarPerm modified mode [ 'LICENSE', 420, 438 ]
56 silly gunzTarPerm extractEntry bcrypt.js
57 silly gunzTarPerm modified mode [ 'bcrypt.js', 420, 438 ]
58 silly gunzTarPerm extractEntry binding.gyp
59 silly gunzTarPerm modified mode [ 'binding.gyp', 420, 438 ]
60 silly gunzTarPerm extractEntry .travis.yml
61 silly gunzTarPerm modified mode [ '.travis.yml', 420, 438 ]
62 silly gunzTarPerm extractEntry CHANGELOG.md
63 silly gunzTarPerm modified mode [ 'CHANGELOG.md', 420, 438 ]
64 silly gunzTarPerm extractEntry examples/async_compare.js
65 silly gunzTarPerm modified mode [ 'examples/async_compare.js', 420, 438 ]
66 silly gunzTarPerm extractEntry examples/forever_gen_salt.js
67 silly gunzTarPerm modified mode [ 'examples/forever_gen_salt.js', 420, 438 ]
68 silly gunzTarPerm extractEntry test/async.js
69 silly gunzTarPerm modified mode [ 'test/async.js', 420, 438 ]
70 silly gunzTarPerm extractEntry test/repetitions.js
71 silly gunzTarPerm modified mode [ 'test/repetitions.js', 420, 438 ]
72 silly gunzTarPerm extractEntry test/sync.js
73 silly gunzTarPerm modified mode [ 'test/sync.js', 420, 438 ]
74 silly gunzTarPerm extractEntry Makefile
75 silly gunzTarPerm modified mode [ 'Makefile', 420, 438 ]
76 silly gunzTarPerm extractEntry src/bcrypt.cc
77 silly gunzTarPerm modified mode [ 'src/bcrypt.cc', 420, 438 ]
78 silly gunzTarPerm extractEntry src/bcrypt_node.cc
79 silly gunzTarPerm modified mode [ 'src/bcrypt_node.cc', 420, 438 ]
80 silly gunzTarPerm extractEntry src/blowfish.cc
81 silly gunzTarPerm modified mode [ 'src/blowfish.cc', 420, 438 ]
82 silly gunzTarPerm extractEntry src/node_blf.h
83 silly gunzTarPerm modified mode [ 'src/node_blf.h', 420, 438 ]
84 silly gunzTarPerm extractEntry werker.yml
85 silly gunzTarPerm modified mode [ 'werker.yml', 420, 438 ]
86 verbose write writing to C:\AAA Education\TreeHouse\JavaScript - NPM\npm course\node_modules\bcrypt\package.json
87 info preinstall bcrypt@0.8.5
88 verbose readDependencies loading dependencies from C:\AAA Education\TreeHouse\JavaScript - NPM\npm course\node_modules\bcrypt\package.json
89 silly prepareForInstallMany adding bindings@1.2.1 from bcrypt dependencies
90 silly prepareForInstallMany adding nan@2.0.5 from bcrypt dependencies
91 verbose readDependencies loading dependencies from C:\AAA Education\TreeHouse\JavaScript - NPM\npm course\node_modules\bcrypt\package.json
92 silly cache add args [ 'bindings@1.2.1', null ]
93 verbose cache add spec bindings@1.2.1
94 silly cache add args [ 'nan@2.0.5', null ]
95 verbose cache add spec nan@2.0.5
96 silly cache add parsed spec Result {
96 silly cache add   raw: 'bindings@1.2.1',
96 silly cache add   scope: null,
96 silly cache add   name: 'bindings',
96 silly cache add   rawSpec: '1.2.1',
96 silly cache add   spec: '1.2.1',
96 silly cache add   type: 'version' }
97 silly addNamed bindings@1.2.1
98 verbose addNamed "1.2.1" is a plain semver version for bindings
99 silly mapToRegistry name bindings
100 silly mapToRegistry using default registry
101 silly mapToRegistry registry https://registry.npmjs.org/
102 silly mapToRegistry uri https://registry.npmjs.org/bindings
103 verbose addNameVersion registry:https://registry.npmjs.org/bindings not in flight; fetching
104 silly cache add parsed spec Result {
104 silly cache add   raw: 'nan@2.0.5',
104 silly cache add   scope: null,
104 silly cache add   name: 'nan',
104 silly cache add   rawSpec: '2.0.5',
104 silly cache add   spec: '2.0.5',
104 silly cache add   type: 'version' }
105 silly addNamed nan@2.0.5
106 verbose addNamed "2.0.5" is a plain semver version for nan
107 silly mapToRegistry name nan
108 silly mapToRegistry using default registry
109 silly mapToRegistry registry https://registry.npmjs.org/
110 silly mapToRegistry uri https://registry.npmjs.org/nan
111 verbose addNameVersion registry:https://registry.npmjs.org/nan not in flight; fetching
112 verbose request uri https://registry.npmjs.org/bindings
113 verbose request no auth needed
114 info attempt registry request try #1 at 12:16:06 PM
115 verbose etag "547Q3C60W4DUGPOZ65YOO6930"
116 http request GET https://registry.npmjs.org/bindings
117 verbose request uri https://registry.npmjs.org/nan
118 verbose request no auth needed
119 info attempt registry request try #1 at 12:16:06 PM
120 verbose etag "1L4RU1AM541YSVP1YQFXG1Y1J"
121 http request GET https://registry.npmjs.org/nan
122 http 304 https://registry.npmjs.org/bindings
123 silly get cb [ 304,
123 silly get   { date: 'Thu, 01 Oct 2015 19:16:06 GMT',
123 silly get     via: '1.1 varnish',
123 silly get     'cache-control': 'max-age=60',
123 silly get     etag: '"547Q3C60W4DUGPOZ65YOO6930"',
123 silly get     age: '43',
123 silly get     connection: 'keep-alive',
123 silly get     'x-served-by': 'cache-lax1428-LAX',
123 silly get     'x-cache': 'HIT',
123 silly get     'x-cache-hits': '1',
123 silly get     'x-timer': 'S1443726966.192464,VS0,VE0',
123 silly get     vary: 'Accept' } ]
124 verbose etag https://registry.npmjs.org/bindings from cache
125 verbose get saving bindings to C:\Users\Daniel\AppData\Roaming\npm-cache\registry.npmjs.org\bindings\.cache.json
126 silly cache afterAdd bindings@1.2.1
127 verbose afterAdd C:\Users\Daniel\AppData\Roaming\npm-cache\bindings\1.2.1\package\package.json not in flight; writing
128 verbose afterAdd C:\Users\Daniel\AppData\Roaming\npm-cache\bindings\1.2.1\package\package.json written
129 http 304 https://registry.npmjs.org/nan
130 silly get cb [ 304,
130 silly get   { date: 'Thu, 01 Oct 2015 19:16:06 GMT',
130 silly get     via: '1.1 varnish',
130 silly get     'cache-control': 'max-age=60',
130 silly get     etag: '"1L4RU1AM541YSVP1YQFXG1Y1J"',
130 silly get     age: '0',
130 silly get     connection: 'keep-alive',
130 silly get     'x-served-by': 'cache-lax1431-LAX',
130 silly get     'x-cache': 'HIT',
130 silly get     'x-cache-hits': '1',
130 silly get     'x-timer': 'S1443726966.194918,VS0,VE49',
130 silly get     vary: 'Accept' } ]
131 verbose etag https://registry.npmjs.org/nan from cache
132 verbose get saving nan to C:\Users\Daniel\AppData\Roaming\npm-cache\registry.npmjs.org\nan\.cache.json
133 silly cache afterAdd nan@2.0.5
134 verbose afterAdd C:\Users\Daniel\AppData\Roaming\npm-cache\nan\2.0.5\package\package.json not in flight; writing
135 verbose afterAdd C:\Users\Daniel\AppData\Roaming\npm-cache\nan\2.0.5\package\package.json written
136 silly install resolved [ { name: 'bindings',
136 silly install resolved     description: 'Helper module for loading your native module\'s .node file',
136 silly install resolved     keywords: [ 'native', 'addon', 'bindings', 'gyp', 'waf', 'c', 'c++' ],
136 silly install resolved     version: '1.2.1',
136 silly install resolved     author:
136 silly install resolved      { name: 'Nathan Rajlich',
136 silly install resolved        email: 'nathan@tootallnate.net',
136 silly install resolved        url: 'http://tootallnate.net' },
136 silly install resolved     repository:
136 silly install resolved      { type: 'git',
136 silly install resolved        url: 'git://github.com/TooTallNate/node-bindings.git' },
136 silly install resolved     main: './bindings.js',
136 silly install resolved     bugs: { url: 'https://github.com/TooTallNate/node-bindings/issues' },
136 silly install resolved     homepage: 'https://github.com/TooTallNate/node-bindings',
136 silly install resolved     license: 'MIT',
136 silly install resolved     gitHead: 'e404152ee27f8478ccbc7122ee051246e8e5ec02',
136 silly install resolved     _id: 'bindings@1.2.1',
136 silly install resolved     scripts: {},
136 silly install resolved     _shasum: '14ad6113812d2d37d72e67b4cacb4bb726505f11',
136 silly install resolved     _from: 'bindings@1.2.1',
136 silly install resolved     _npmVersion: '1.4.14',
136 silly install resolved     _npmUser: { name: 'tootallnate', email: 'nathan@tootallnate.net' },
136 silly install resolved     maintainers: [ [Object], [Object] ],
136 silly install resolved     dist:
136 silly install resolved      { shasum: '14ad6113812d2d37d72e67b4cacb4bb726505f11',
136 silly install resolved        tarball: 'http://registry.npmjs.org/bindings/-/bindings-1.2.1.tgz' },
136 silly install resolved     directories: {},
136 silly install resolved     _resolved: 'https://registry.npmjs.org/bindings/-/bindings-1.2.1.tgz',
136 silly install resolved     readme: 'ERROR: No README data found!' },
136 silly install resolved   { name: 'nan',
136 silly install resolved     version: '2.0.5',
136 silly install resolved     description: 'Native Abstractions for Node.js: C++ header for Node 0.8->0.12 compatibility',
136 silly install resolved     main: 'include_dirs.js',
136 silly install resolved     repository: { type: 'git', url: 'git://github.com/nodejs/nan.git' },
136 silly install resolved     scripts:
136 silly install resolved      { test: 'tap --gc test/js/*-test.js',
136 silly install resolved        'rebuild-tests': 'pangyp rebuild --msvs_version=2013 --directory test',
136 silly install resolved        docs: 'doc/.build.sh' },
136 silly install resolved     contributors:
136 silly install resolved      [ [Object],
136 silly install resolved        [Object],
136 silly install resolved        [Object],
136 silly install resolved        [Object],
136 silly install resolved        [Object],
136 silly install resolved        [Object],
136 silly install resolved        [Object] ],
136 silly install resolved     devDependencies:
136 silly install resolved      { bindings: '~1.2.1',
136 silly install resolved        'node-gyp': '~2.0.2',
136 silly install resolved        pangyp: '~2.2.0',
136 silly install resolved        tap: '~0.7.1',
136 silly install resolved        xtend: '~4.0.0' },
136 silly install resolved     license: 'MIT',
136 silly install resolved     gitHead: 'd13a2e9ce762fd130877b53c71d35963fa2cf689',
136 silly install resolved     bugs: { url: 'https://github.com/nodejs/nan/issues' },
136 silly install resolved     homepage: 'https://github.com/nodejs/nan#readme',
136 silly install resolved     _id: 'nan@2.0.5',
136 silly install resolved     _shasum: '365888014be1fd178db0cbfa258edf7b0cb1c408',
136 silly install resolved     _from: 'nan@2.0.5',
136 silly install resolved     _npmVersion: '2.13.3',
136 silly install resolved     _nodeVersion: '3.0.0',
136 silly install resolved     _npmUser: { name: 'kkoopa', email: 'bbyholm@abo.fi' },
136 silly install resolved     maintainers: [ [Object], [Object] ],
136 silly install resolved     dist:
136 silly install resolved      { shasum: '365888014be1fd178db0cbfa258edf7b0cb1c408',
136 silly install resolved        tarball: 'http://registry.npmjs.org/nan/-/nan-2.0.5.tgz' },
136 silly install resolved     directories: {},
136 silly install resolved     _resolved: 'https://registry.npmjs.org/nan/-/nan-2.0.5.tgz',
136 silly install resolved     readme: 'ERROR: No README data found!' } ]
137 info install bindings@1.2.1 into C:\AAA Education\TreeHouse\JavaScript - NPM\npm course\node_modules\bcrypt
138 info install nan@2.0.5 into C:\AAA Education\TreeHouse\JavaScript - NPM\npm course\node_modules\bcrypt
139 info installOne bindings@1.2.1
140 verbose installOne of bindings to C:\AAA Education\TreeHouse\JavaScript - NPM\npm course\node_modules\bcrypt not in flight; installing
141 info installOne nan@2.0.5
142 verbose installOne of nan to C:\AAA Education\TreeHouse\JavaScript - NPM\npm course\node_modules\bcrypt not in flight; installing
143 verbose lock using C:\Users\Daniel\AppData\Roaming\npm-cache\_locks\bindings-456067221605b4c5.lock for C:\AAA Education\TreeHouse\JavaScript - NPM\npm course\node_modules\bcrypt\node_modules\bindings
144 verbose lock using C:\Users\Daniel\AppData\Roaming\npm-cache\_locks\nan-7594de9eb1bad521.lock for C:\AAA Education\TreeHouse\JavaScript - NPM\npm course\node_modules\bcrypt\node_modules\nan
145 silly install write writing bindings 1.2.1 to C:\AAA Education\TreeHouse\JavaScript - NPM\npm course\node_modules\bcrypt\node_modules\bindings
146 silly install write writing nan 2.0.5 to C:\AAA Education\TreeHouse\JavaScript - NPM\npm course\node_modules\bcrypt\node_modules\nan
147 verbose unbuild node_modules\bcrypt\node_modules\bindings
148 verbose unbuild node_modules\bcrypt\node_modules\nan
149 silly gentlyRm C:\AAA Education\TreeHouse\JavaScript - NPM\npm course\node_modules\bcrypt\node_modules\bindings is being purged from base C:\AAA Education\TreeHouse\JavaScript - NPM\npm course
150 verbose gentlyRm don't care about contents; nuking C:\AAA Education\TreeHouse\JavaScript - NPM\npm course\node_modules\bcrypt\node_modules\bindings
151 silly gentlyRm C:\AAA Education\TreeHouse\JavaScript - NPM\npm course\node_modules\bcrypt\node_modules\nan is being purged from base C:\AAA Education\TreeHouse\JavaScript - NPM\npm course
152 verbose gentlyRm don't care about contents; nuking C:\AAA Education\TreeHouse\JavaScript - NPM\npm course\node_modules\bcrypt\node_modules\nan
153 verbose tar unpack C:\Users\Daniel\AppData\Roaming\npm-cache\bindings\1.2.1\package.tgz
154 verbose tar unpacking to C:\AAA Education\TreeHouse\JavaScript - NPM\npm course\node_modules\bcrypt\node_modules\bindings
155 silly gentlyRm C:\AAA Education\TreeHouse\JavaScript - NPM\npm course\node_modules\bcrypt\node_modules\bindings is being purged
156 verbose gentlyRm don't care about contents; nuking C:\AAA Education\TreeHouse\JavaScript - NPM\npm course\node_modules\bcrypt\node_modules\bindings
157 verbose tar unpack C:\Users\Daniel\AppData\Roaming\npm-cache\nan\2.0.5\package.tgz
158 verbose tar unpacking to C:\AAA Education\TreeHouse\JavaScript - NPM\npm course\node_modules\bcrypt\node_modules\nan
159 silly gentlyRm C:\AAA Education\TreeHouse\JavaScript - NPM\npm course\node_modules\bcrypt\node_modules\nan is being purged
160 verbose gentlyRm don't care about contents; nuking C:\AAA Education\TreeHouse\JavaScript - NPM\npm course\node_modules\bcrypt\node_modules\nan
161 silly gunzTarPerm modes [ '777', '666' ]
162 silly gunzTarPerm modes [ '777', '666' ]
163 silly gunzTarPerm extractEntry package.json
164 silly gunzTarPerm modified mode [ 'package.json', 420, 438 ]
165 silly gunzTarPerm extractEntry package.json
166 silly gunzTarPerm modified mode [ 'package.json', 436, 438 ]
167 silly gunzTarPerm extractEntry README.md
168 silly gunzTarPerm modified mode [ 'README.md', 420, 438 ]
169 silly gunzTarPerm extractEntry bindings.js
170 silly gunzTarPerm modified mode [ 'bindings.js', 420, 438 ]
171 silly gunzTarPerm extractEntry README.md
172 silly gunzTarPerm modified mode [ 'README.md', 436, 438 ]
173 silly gunzTarPerm extractEntry include_dirs.js
174 silly gunzTarPerm modified mode [ 'include_dirs.js', 436, 438 ]
175 silly gunzTarPerm extractEntry nan_converters.h
176 silly gunzTarPerm modified mode [ 'nan_converters.h', 436, 438 ]
177 silly gunzTarPerm extractEntry LICENSE.md
178 silly gunzTarPerm modified mode [ 'LICENSE.md', 436, 438 ]
179 silly gunzTarPerm extractEntry .dntrc
180 silly gunzTarPerm modified mode [ '.dntrc', 436, 438 ]
181 silly gunzTarPerm extractEntry appveyor.yml
182 silly gunzTarPerm modified mode [ 'appveyor.yml', 436, 438 ]
183 silly gunzTarPerm extractEntry doc/new.md
184 silly gunzTarPerm modified mode [ 'doc/new.md', 436, 438 ]
185 silly gunzTarPerm extractEntry doc/.build.sh
186 silly gunzTarPerm modified mode [ 'doc/.build.sh', 509, 511 ]
187 verbose write writing to C:\AAA Education\TreeHouse\JavaScript - NPM\npm course\node_modules\bcrypt\node_modules\bindings\package.json
188 silly gunzTarPerm extractEntry doc/buffers.md
189 silly gunzTarPerm modified mode [ 'doc/buffers.md', 436, 438 ]
190 silly gunzTarPerm extractEntry doc/callback.md
191 silly gunzTarPerm modified mode [ 'doc/callback.md', 436, 438 ]
192 info preinstall bindings@1.2.1
193 silly gunzTarPerm extractEntry doc/converters.md
194 silly gunzTarPerm modified mode [ 'doc/converters.md', 436, 438 ]
195 silly gunzTarPerm extractEntry doc/errors.md
196 silly gunzTarPerm modified mode [ 'doc/errors.md', 436, 438 ]
197 verbose readDependencies loading dependencies from C:\AAA Education\TreeHouse\JavaScript - NPM\npm course\node_modules\bcrypt\node_modules\bindings\package.json
198 verbose readDependencies loading dependencies from C:\AAA Education\TreeHouse\JavaScript - NPM\npm course\node_modules\bcrypt\node_modules\bindings\package.json
199 silly gunzTarPerm extractEntry doc/maybe_types.md
200 silly gunzTarPerm modified mode [ 'doc/maybe_types.md', 436, 438 ]
201 silly gunzTarPerm extractEntry doc/methods.md
202 silly gunzTarPerm modified mode [ 'doc/methods.md', 436, 438 ]
203 silly install resolved []
204 verbose about to build C:\AAA Education\TreeHouse\JavaScript - NPM\npm course\node_modules\bcrypt\node_modules\bindings
205 info build C:\AAA Education\TreeHouse\JavaScript - NPM\npm course\node_modules\bcrypt\node_modules\bindings
206 info linkStuff bindings@1.2.1
207 silly linkStuff bindings@1.2.1 has C:\AAA Education\TreeHouse\JavaScript - NPM\npm course\node_modules\bcrypt\node_modules as its parent node_modules
208 verbose linkBins bindings@1.2.1
209 verbose linkMans bindings@1.2.1
210 verbose rebuildBundles bindings@1.2.1
211 silly gunzTarPerm extractEntry doc/asyncworker.md
212 silly gunzTarPerm modified mode [ 'doc/asyncworker.md', 436, 438 ]
213 silly gunzTarPerm extractEntry doc/node_misc.md
214 silly gunzTarPerm modified mode [ 'doc/node_misc.md', 436, 438 ]
215 info install bindings@1.2.1
216 info postinstall bindings@1.2.1
217 verbose unlock done using C:\Users\Daniel\AppData\Roaming\npm-cache\_locks\bindings-456067221605b4c5.lock for C:\AAA Education\TreeHouse\JavaScript - NPM\npm course\node_modules\bcrypt\node_modules\bindings
218 silly gunzTarPerm extractEntry doc/persistent.md
219 silly gunzTarPerm modified mode [ 'doc/persistent.md', 436, 438 ]
220 silly gunzTarPerm extractEntry doc/scopes.md
221 silly gunzTarPerm modified mode [ 'doc/scopes.md', 436, 438 ]
222 silly gunzTarPerm extractEntry doc/script.md
223 silly gunzTarPerm modified mode [ 'doc/script.md', 436, 438 ]
224 silly gunzTarPerm extractEntry doc/string_bytes.md
225 silly gunzTarPerm modified mode [ 'doc/string_bytes.md', 436, 438 ]
226 silly gunzTarPerm extractEntry doc/v8_internals.md
227 silly gunzTarPerm modified mode [ 'doc/v8_internals.md', 436, 438 ]
228 silly gunzTarPerm extractEntry doc/v8_misc.md
229 silly gunzTarPerm modified mode [ 'doc/v8_misc.md', 436, 438 ]
230 silly gunzTarPerm extractEntry nan.h
231 silly gunzTarPerm modified mode [ 'nan.h', 436, 438 ]
232 silly gunzTarPerm extractEntry nan_callbacks.h
233 silly gunzTarPerm modified mode [ 'nan_callbacks.h', 436, 438 ]
234 silly gunzTarPerm extractEntry nan_callbacks_12_inl.h
235 silly gunzTarPerm modified mode [ 'nan_callbacks_12_inl.h', 436, 438 ]
236 silly gunzTarPerm extractEntry nan_callbacks_pre_12_inl.h
237 silly gunzTarPerm modified mode [ 'nan_callbacks_pre_12_inl.h', 436, 438 ]
238 silly gunzTarPerm extractEntry nan_converters_43_inl.h
239 silly gunzTarPerm modified mode [ 'nan_converters_43_inl.h', 436, 438 ]
240 silly gunzTarPerm extractEntry nan_converters_pre_43_inl.h
241 silly gunzTarPerm modified mode [ 'nan_converters_pre_43_inl.h', 436, 438 ]
242 silly gunzTarPerm extractEntry nan_implementation_12_inl.h
243 silly gunzTarPerm modified mode [ 'nan_implementation_12_inl.h', 436, 438 ]
244 silly gunzTarPerm extractEntry nan_implementation_pre_12_inl.h
245 silly gunzTarPerm modified mode [ 'nan_implementation_pre_12_inl.h', 436, 438 ]
246 silly gunzTarPerm extractEntry nan_maybe_43_inl.h
247 silly gunzTarPerm modified mode [ 'nan_maybe_43_inl.h', 436, 438 ]
248 silly gunzTarPerm extractEntry nan_maybe_pre_43_inl.h
249 silly gunzTarPerm modified mode [ 'nan_maybe_pre_43_inl.h', 436, 438 ]
250 silly gunzTarPerm extractEntry nan_new.h
251 silly gunzTarPerm modified mode [ 'nan_new.h', 436, 438 ]
252 silly gunzTarPerm extractEntry nan_object_wrap.h
253 silly gunzTarPerm modified mode [ 'nan_object_wrap.h', 436, 438 ]
254 silly gunzTarPerm extractEntry nan_persistent_12_inl.h
255 silly gunzTarPerm modified mode [ 'nan_persistent_12_inl.h', 436, 438 ]
256 silly gunzTarPerm extractEntry nan_persistent_pre_12_inl.h
257 silly gunzTarPerm modified mode [ 'nan_persistent_pre_12_inl.h', 436, 438 ]
258 silly gunzTarPerm extractEntry nan_string_bytes.h
259 silly gunzTarPerm modified mode [ 'nan_string_bytes.h', 436, 438 ]
260 silly gunzTarPerm extractEntry nan_weak.h
261 silly gunzTarPerm modified mode [ 'nan_weak.h', 436, 438 ]
262 silly gunzTarPerm extractEntry CHANGELOG.md
263 silly gunzTarPerm modified mode [ 'CHANGELOG.md', 436, 438 ]
264 silly gunzTarPerm extractEntry tools/package.json
265 silly gunzTarPerm modified mode [ 'tools/package.json', 436, 438 ]
266 silly gunzTarPerm extractEntry tools/README.md
267 silly gunzTarPerm modified mode [ 'tools/README.md', 436, 438 ]
268 silly gunzTarPerm extractEntry tools/1to2.js
269 silly gunzTarPerm modified mode [ 'tools/1to2.js', 509, 511 ]
270 verbose write writing to C:\AAA Education\TreeHouse\JavaScript - NPM\npm course\node_modules\bcrypt\node_modules\nan\package.json
271 info preinstall nan@2.0.5
272 verbose readDependencies loading dependencies from C:\AAA Education\TreeHouse\JavaScript - NPM\npm course\node_modules\bcrypt\node_modules\nan\package.json
273 verbose readDependencies loading dependencies from C:\AAA Education\TreeHouse\JavaScript - NPM\npm course\node_modules\bcrypt\node_modules\nan\package.json
274 silly install resolved []
275 verbose about to build C:\AAA Education\TreeHouse\JavaScript - NPM\npm course\node_modules\bcrypt\node_modules\nan
276 info build C:\AAA Education\TreeHouse\JavaScript - NPM\npm course\node_modules\bcrypt\node_modules\nan
277 info linkStuff nan@2.0.5
278 silly linkStuff nan@2.0.5 has C:\AAA Education\TreeHouse\JavaScript - NPM\npm course\node_modules\bcrypt\node_modules as its parent node_modules
279 verbose linkBins nan@2.0.5
280 verbose linkMans nan@2.0.5
281 verbose rebuildBundles nan@2.0.5
282 info install nan@2.0.5
283 info postinstall nan@2.0.5
284 verbose unlock done using C:\Users\Daniel\AppData\Roaming\npm-cache\_locks\nan-7594de9eb1bad521.lock for C:\AAA Education\TreeHouse\JavaScript - NPM\npm course\node_modules\bcrypt\node_modules\nan
285 verbose about to build C:\AAA Education\TreeHouse\JavaScript - NPM\npm course\node_modules\bcrypt
286 info build C:\AAA Education\TreeHouse\JavaScript - NPM\npm course\node_modules\bcrypt
287 info linkStuff bcrypt@0.8.5
288 silly linkStuff bcrypt@0.8.5 has C:\AAA Education\TreeHouse\JavaScript - NPM\npm course\node_modules as its parent node_modules
289 verbose linkBins bcrypt@0.8.5
290 verbose linkMans bcrypt@0.8.5
291 verbose rebuildBundles bcrypt@0.8.5
292 verbose rebuildBundles [ 'bindings', 'nan' ]
293 info install bcrypt@0.8.5
294 verbose unsafe-perm in lifecycle true
295 info bcrypt@0.8.5 Failed to exec install script
296 verbose unlock done using C:\Users\Daniel\AppData\Roaming\npm-cache\_locks\bcrypt-8005f176fdb24852.lock for C:\AAA Education\TreeHouse\JavaScript - NPM\npm course\node_modules\bcrypt
297 verbose stack Error: bcrypt@0.8.5 install: `node-gyp rebuild`
297 verbose stack Exit status 1
297 verbose stack     at EventEmitter.<anonymous> (C:\Program Files\nodejs\node_modules\npm\lib\utils\lifecycle.js:214:16)
297 verbose stack     at emitTwo (events.js:87:13)
297 verbose stack     at EventEmitter.emit (events.js:172:7)
297 verbose stack     at ChildProcess.<anonymous> (C:\Program Files\nodejs\node_modules\npm\lib\utils\spawn.js:24:14)
297 verbose stack     at emitTwo (events.js:87:13)
297 verbose stack     at ChildProcess.emit (events.js:172:7)
297 verbose stack     at maybeClose (internal/child_process.js:817:16)
297 verbose stack     at Process.ChildProcess._handle.onexit (internal/child_process.js:211:5)
298 verbose pkgid bcrypt@0.8.5
299 verbose cwd C:\AAA Education\TreeHouse\JavaScript - NPM\npm course
300 error Windows_NT 6.1.7601
301 error argv "C:\\Program Files\\nodejs\\node.exe" "C:\\Program Files\\nodejs\\node_modules\\npm\\bin\\npm-cli.js" "install" "bcrypt"
302 error node v4.1.1
303 error npm  v2.14.4
304 error code ELIFECYCLE
305 error bcrypt@0.8.5 install: `node-gyp rebuild`
305 error Exit status 1
306 error Failed at the bcrypt@0.8.5 install script 'node-gyp rebuild'.
306 error This is most likely a problem with the bcrypt package,
306 error not with npm itself.
306 error Tell the author that this fails on your system:
306 error     node-gyp rebuild
306 error You can get their info via:
306 error     npm owner ls bcrypt
306 error There is likely additional logging output above.
307 verbose exit [ 1, true ]
308 verbose unbuild node_modules\bcrypt
309 info preuninstall bcrypt@0.8.5
310 info uninstall bcrypt@0.8.5
311 verbose unbuild rmStuff bcrypt@0.8.5 from C:\AAA Education\TreeHouse\JavaScript - NPM\npm course\node_modules
312 info postuninstall bcrypt@0.8.5
313 silly gentlyRm C:\AAA Education\TreeHouse\JavaScript - NPM\npm course\node_modules\bcrypt is being purged from base C:\AAA Education\TreeHouse\JavaScript - NPM\npm course
314 verbose gentlyRm don't care about contents; nuking C:\AAA Education\TreeHouse\JavaScript - NPM\npm course\node_modules\bcrypt
315 silly vacuum-fs purging C:\AAA Education\TreeHouse\JavaScript - NPM\npm course\node_modules\bcrypt
316 silly vacuum-fs removing C:\AAA Education\TreeHouse\JavaScript - NPM\npm course\node_modules
317 silly vacuum-fs finished vacuuming up to C:\AAA Education\TreeHouse\JavaScript - NPM\npm course
